2019-06-28 14:25:00,420 - browser_engine.py - [line:30] - INFO - You have selected Chrome browser 
2019-06-28 14:25:00,420 - browser_engine.py - [line:32] - INFO - You have input URL https://www.baidu.com 
2019-06-28 14:25:04,258 - browser_engine.py - [line:42] - INFO - Launching Chrome now.
2019-06-28 14:25:07,028 - browser_engine.py - [line:45] - INFO - Opening https://www.baidu.com
2019-06-28 14:25:07,030 - browser_engine.py - [line:47] - INFO - Set implicitly wait 3 seconds.
2019-06-28 14:25:07,162 - base_page.py - [line:80] - INFO - Select element '' successfully, by id via value:kw 
2019-06-28 14:25:07,911 - base_page.py - [line:118] - INFO - Had type selenium into textbox
2019-06-28 14:25:07,986 - base_page.py - [line:102] - INFO - Found the element '' successfully, by xpath via value://*[@id='su']
2019-06-28 14:25:08,125 - base_page.py - [line:140] - INFO - Mouse on the element and click
2019-06-28 14:25:10,493 - base_page.py - [line:53] - INFO - Took a screenshot and saved.
2019-06-28 14:25:10,502 - base_page.py - [line:147] - INFO - Current page's title is:selenium_百度搜索
2019-06-28 14:25:10,542 - base_page.py - [line:80] - INFO - Select element '' successfully, by id via value:kw 
2019-06-28 14:25:10,742 - base_page.py - [line:118] - INFO - Had type Python into textbox
2019-06-28 14:25:10,777 - base_page.py - [line:102] - INFO - Found the element '' successfully, by xpath via value://*[@id='su']
2019-06-28 14:25:10,844 - base_page.py - [line:140] - INFO - Mouse on the element and click
2019-06-28 14:25:14,267 - base_page.py - [line:53] - INFO - Took a screenshot and saved.
2019-06-28 14:25:16,803 - browser_engine.py - [line:30] - INFO - You have selected Chrome browser 
2019-06-28 14:25:16,803 - browser_engine.py - [line:32] - INFO - You have input URL https://www.baidu.com 
2019-06-28 14:25:20,604 - browser_engine.py - [line:42] - INFO - Launching Chrome now.
2019-06-28 14:25:22,360 - browser_engine.py - [line:45] - INFO - Opening https://www.baidu.com
2019-06-28 14:25:22,361 - browser_engine.py - [line:47] - INFO - Set implicitly wait 3 seconds.
2019-06-28 14:25:22,369 - base_page.py - [line:147] - INFO - Current page's title is:百度一下，你就知道
2019-06-28 14:25:22,689 - base_page.py - [line:53] - INFO - Took a screenshot and saved.
2019-06-28 14:25:25,118 - browser_engine.py - [line:30] - INFO - You have selected Chrome browser 
2019-06-28 14:25:25,119 - browser_engine.py - [line:32] - INFO - You have input URL https://www.baidu.com 
2019-06-28 14:25:29,627 - browser_engine.py - [line:42] - INFO - Launching Chrome now.
2019-06-28 14:25:31,207 - browser_engine.py - [line:45] - INFO - Opening https://www.baidu.com
2019-06-28 14:25:31,209 - browser_engine.py - [line:47] - INFO - Set implicitly wait 3 seconds.
2019-06-28 14:25:31,279 - base_page.py - [line:102] - INFO - Found the element '新闻' successfully, by xpath via value://*[@id='u1']/a[1]
2019-06-28 14:25:33,958 - base_page.py - [line:140] - INFO - Mouse on the element and click
2019-06-28 14:25:35,959 - base_page.py - [line:153] - INFO - You have been sleep for 2 seconds
2019-06-28 14:25:36,006 - base_page.py - [line:102] - INFO - Found the element '体育' successfully, by xpath via value://*[@id='channel-all']/div/ul/li[7]/a
2019-06-28 14:25:37,217 - base_page.py - [line:140] - INFO - Mouse on the element and click
2019-06-28 14:25:39,219 - base_page.py - [line:153] - INFO - You have been sleep for 2 seconds
2019-06-28 14:25:39,313 - base_page.py - [line:102] - INFO - Found the element '体育视频' successfully, by xpath via value://*/div[@class='mod']/div[@class='hd']/h3/a
2019-06-28 14:25:39,691 - base_page.py - [line:140] - INFO - Mouse on the element and click
2019-06-28 14:25:41,691 - base_page.py - [line:153] - INFO - You have been sleep for 2 seconds
2019-06-28 14:25:42,373 - base_page.py - [line:53] - INFO - Took a screenshot and saved.
