2019-06-28 14:18:19,594 - browser_engine.py - [line:30] - INFO - You have selected Chrome browser 
2019-06-28 14:18:19,594 - browser_engine.py - [line:32] - INFO - You have input URL https://www.baidu.com 
2019-06-28 14:18:23,718 - browser_engine.py - [line:42] - INFO - Launching Chrome now.
2019-06-28 14:18:25,713 - browser_engine.py - [line:45] - INFO - Opening https://www.baidu.com
2019-06-28 14:18:25,715 - browser_engine.py - [line:47] - INFO - Set implicitly wait 3 seconds.
2019-06-28 14:18:25,771 - base_page.py - [line:80] - INFO - Select element '' successfully, by id via value:kw 
2019-06-28 14:18:26,109 - base_page.py - [line:118] - INFO - Had type selenium into textbox
2019-06-28 14:18:26,174 - base_page.py - [line:102] - INFO - Found the element '' successfully, by xpath via value://*[@id='su']
2019-06-28 14:18:26,295 - base_page.py - [line:140] - INFO - Mouse on the element and click
2019-06-28 14:18:28,638 - base_page.py - [line:53] - INFO - Took a screenshot and saved.
2019-06-28 14:18:28,648 - base_page.py - [line:147] - INFO - Current page's title is:selenium_百度搜索
2019-06-28 14:18:28,681 - base_page.py - [line:80] - INFO - Select element '' successfully, by id via value:kw 
2019-06-28 14:18:28,867 - base_page.py - [line:118] - INFO - Had type Python into textbox
2019-06-28 14:18:28,902 - base_page.py - [line:102] - INFO - Found the element '' successfully, by xpath via value://*[@id='su']
2019-06-28 14:18:29,026 - base_page.py - [line:140] - INFO - Mouse on the element and click
2019-06-28 14:18:32,316 - base_page.py - [line:53] - INFO - Took a screenshot and saved.
2019-06-28 14:18:34,644 - browser_engine.py - [line:30] - INFO - You have selected Chrome browser 
2019-06-28 14:18:34,644 - browser_engine.py - [line:32] - INFO - You have input URL https://www.baidu.com 
2019-06-28 14:18:39,625 - browser_engine.py - [line:42] - INFO - Launching Chrome now.
2019-06-28 14:18:41,544 - browser_engine.py - [line:45] - INFO - Opening https://www.baidu.com
2019-06-28 14:18:41,547 - browser_engine.py - [line:47] - INFO - Set implicitly wait 3 seconds.
2019-06-28 14:18:41,562 - base_page.py - [line:147] - INFO - Current page's title is:百度一下，你就知道
2019-06-28 14:18:41,862 - base_page.py - [line:53] - INFO - Took a screenshot and saved.
2019-06-28 14:18:44,402 - browser_engine.py - [line:30] - INFO - You have selected Chrome browser 
2019-06-28 14:18:44,402 - browser_engine.py - [line:32] - INFO - You have input URL https://www.baidu.com 
2019-06-28 14:18:48,102 - browser_engine.py - [line:42] - INFO - Launching Chrome now.
2019-06-28 14:18:49,840 - browser_engine.py - [line:45] - INFO - Opening https://www.baidu.com
2019-06-28 14:18:49,841 - browser_engine.py - [line:47] - INFO - Set implicitly wait 3 seconds.
2019-06-28 14:18:49,897 - base_page.py - [line:102] - INFO - Found the element '新闻' successfully, by xpath via value://*[@id='u1']/a[1]
2019-06-28 14:18:52,388 - base_page.py - [line:140] - INFO - Mouse on the element and click
2019-06-28 14:18:54,390 - base_page.py - [line:153] - INFO - You have been sleep for 2 seconds
2019-06-28 14:18:54,448 - base_page.py - [line:102] - INFO - Found the element '体育' successfully, by xpath via value://*[@id='channel-all']/div/ul/li[7]/a
2019-06-28 14:18:55,698 - base_page.py - [line:140] - INFO - Mouse on the element and click
2019-06-28 14:18:57,699 - base_page.py - [line:153] - INFO - You have been sleep for 2 seconds
2019-06-28 14:18:57,737 - base_page.py - [line:102] - INFO - Found the element '体育视频' successfully, by xpath via value://*/div[@class='mod']/div[@class='hd']/h3/a
2019-06-28 14:18:58,014 - base_page.py - [line:140] - INFO - Mouse on the element and click
2019-06-28 14:19:00,015 - base_page.py - [line:153] - INFO - You have been sleep for 2 seconds
2019-06-28 14:19:00,583 - base_page.py - [line:53] - INFO - Took a screenshot and saved.
