2019-06-28 14:20:48,323 - browser_engine.py - [line:30] - INFO - You have selected Chrome browser 
2019-06-28 14:20:48,324 - browser_engine.py - [line:32] - INFO - You have input URL https://www.baidu.com 
2019-06-28 14:20:52,423 - browser_engine.py - [line:42] - INFO - Launching Chrome now.
2019-06-28 14:20:53,994 - browser_engine.py - [line:45] - INFO - Opening https://www.baidu.com
2019-06-28 14:20:53,999 - browser_engine.py - [line:47] - INFO - Set implicitly wait 3 seconds.
2019-06-28 14:20:54,041 - base_page.py - [line:80] - INFO - Select element '' successfully, by id via value:kw 
2019-06-28 14:20:54,293 - base_page.py - [line:118] - INFO - Had type selenium into textbox
2019-06-28 14:20:54,331 - base_page.py - [line:102] - INFO - Found the element '' successfully, by xpath via value://*[@id='su']
2019-06-28 14:20:54,438 - base_page.py - [line:140] - INFO - Mouse on the element and click
2019-06-28 14:20:56,732 - base_page.py - [line:53] - INFO - Took a screenshot and saved.
2019-06-28 14:20:56,741 - base_page.py - [line:147] - INFO - Current page's title is:selenium_百度搜索
2019-06-28 14:20:56,773 - base_page.py - [line:80] - INFO - Select element '' successfully, by id via value:kw 
2019-06-28 14:20:56,993 - base_page.py - [line:118] - INFO - Had type Python into textbox
2019-06-28 14:20:57,034 - base_page.py - [line:102] - INFO - Found the element '' successfully, by xpath via value://*[@id='su']
2019-06-28 14:20:57,132 - base_page.py - [line:140] - INFO - Mouse on the element and click
2019-06-28 14:21:00,422 - base_page.py - [line:53] - INFO - Took a screenshot and saved.
2019-06-28 14:21:02,762 - browser_engine.py - [line:30] - INFO - You have selected Chrome browser 
2019-06-28 14:21:02,762 - browser_engine.py - [line:32] - INFO - You have input URL https://www.baidu.com 
2019-06-28 14:21:07,468 - browser_engine.py - [line:42] - INFO - Launching Chrome now.
2019-06-28 14:21:09,163 - browser_engine.py - [line:45] - INFO - Opening https://www.baidu.com
2019-06-28 14:21:09,165 - browser_engine.py - [line:47] - INFO - Set implicitly wait 3 seconds.
2019-06-28 14:21:09,177 - base_page.py - [line:147] - INFO - Current page's title is:百度一下，你就知道
2019-06-28 14:21:09,472 - base_page.py - [line:53] - INFO - Took a screenshot and saved.
2019-06-28 14:21:11,795 - browser_engine.py - [line:30] - INFO - You have selected Chrome browser 
2019-06-28 14:21:11,795 - browser_engine.py - [line:32] - INFO - You have input URL https://www.baidu.com 
2019-06-28 14:21:15,969 - browser_engine.py - [line:42] - INFO - Launching Chrome now.
2019-06-28 14:21:17,234 - browser_engine.py - [line:45] - INFO - Opening https://www.baidu.com
2019-06-28 14:21:17,237 - browser_engine.py - [line:47] - INFO - Set implicitly wait 3 seconds.
2019-06-28 14:21:17,330 - base_page.py - [line:102] - INFO - Found the element '新闻' successfully, by xpath via value://*[@id='u1']/a[1]
2019-06-28 14:21:20,055 - base_page.py - [line:140] - INFO - Mouse on the element and click
2019-06-28 14:21:22,055 - base_page.py - [line:153] - INFO - You have been sleep for 2 seconds
2019-06-28 14:21:22,110 - base_page.py - [line:102] - INFO - Found the element '体育' successfully, by xpath via value://*[@id='channel-all']/div/ul/li[7]/a
2019-06-28 14:21:23,502 - base_page.py - [line:140] - INFO - Mouse on the element and click
2019-06-28 14:21:25,504 - base_page.py - [line:153] - INFO - You have been sleep for 2 seconds
2019-06-28 14:21:25,542 - base_page.py - [line:102] - INFO - Found the element '体育视频' successfully, by xpath via value://*/div[@class='mod']/div[@class='hd']/h3/a
2019-06-28 14:21:25,781 - base_page.py - [line:140] - INFO - Mouse on the element and click
2019-06-28 14:21:27,781 - base_page.py - [line:153] - INFO - You have been sleep for 2 seconds
2019-06-28 14:21:28,372 - base_page.py - [line:53] - INFO - Took a screenshot and saved.
