2019-06-28 14:55:39,927 - browser_engine.py - [line:30] - INFO - You have selected Chrome browser 
2019-06-28 14:55:39,928 - browser_engine.py - [line:32] - INFO - You have input URL https://www.baidu.com 
2019-06-28 14:55:44,380 - browser_engine.py - [line:42] - INFO - Launching Chrome now.
2019-06-28 14:55:47,687 - browser_engine.py - [line:45] - INFO - Opening https://www.baidu.com
2019-06-28 14:55:47,706 - browser_engine.py - [line:47] - INFO - Set implicitly wait 3 seconds.
2019-06-28 14:55:47,795 - base_page.py - [line:80] - INFO - Select element '' successfully, by id via value:kw 
2019-06-28 14:55:48,187 - base_page.py - [line:118] - INFO - Had type selenium into textbox
2019-06-28 14:55:48,254 - base_page.py - [line:102] - INFO - Found the element '' successfully, by xpath via value://*[@id='su']
2019-06-28 14:55:48,402 - base_page.py - [line:140] - INFO - Mouse on the element and click
2019-06-28 14:55:50,725 - base_page.py - [line:53] - INFO - Took a screenshot and saved.
2019-06-28 14:55:50,735 - base_page.py - [line:147] - INFO - Current page's title is:selenium_百度搜索
2019-06-28 14:55:50,779 - base_page.py - [line:80] - INFO - Select element '' successfully, by id via value:kw 
2019-06-28 14:55:51,021 - base_page.py - [line:118] - INFO - Had type Python into textbox
2019-06-28 14:55:51,058 - base_page.py - [line:102] - INFO - Found the element '' successfully, by xpath via value://*[@id='su']
2019-06-28 14:55:51,161 - base_page.py - [line:140] - INFO - Mouse on the element and click
2019-06-28 14:55:54,562 - base_page.py - [line:53] - INFO - Took a screenshot and saved.
2019-06-28 14:55:56,979 - browser_engine.py - [line:30] - INFO - You have selected Chrome browser 
2019-06-28 14:55:56,979 - browser_engine.py - [line:32] - INFO - You have input URL https://www.baidu.com 
2019-06-28 14:56:02,398 - browser_engine.py - [line:42] - INFO - Launching Chrome now.
2019-06-28 14:56:04,015 - browser_engine.py - [line:45] - INFO - Opening https://www.baidu.com
2019-06-28 14:56:04,017 - browser_engine.py - [line:47] - INFO - Set implicitly wait 3 seconds.
2019-06-28 14:56:04,030 - base_page.py - [line:147] - INFO - Current page's title is:百度一下，你就知道
2019-06-28 14:56:04,321 - base_page.py - [line:53] - INFO - Took a screenshot and saved.
2019-06-28 14:56:06,717 - browser_engine.py - [line:30] - INFO - You have selected Chrome browser 
2019-06-28 14:56:06,717 - browser_engine.py - [line:32] - INFO - You have input URL https://www.baidu.com 
2019-06-28 14:56:12,378 - browser_engine.py - [line:42] - INFO - Launching Chrome now.
2019-06-28 14:56:14,390 - browser_engine.py - [line:45] - INFO - Opening https://www.baidu.com
2019-06-28 14:56:14,394 - browser_engine.py - [line:47] - INFO - Set implicitly wait 3 seconds.
2019-06-28 14:56:14,445 - base_page.py - [line:102] - INFO - Found the element '新闻' successfully, by xpath via value://*[@id='u1']/a[1]
2019-06-28 14:56:17,601 - base_page.py - [line:140] - INFO - Mouse on the element and click
2019-06-28 14:56:19,602 - base_page.py - [line:153] - INFO - You have been sleep for 2 seconds
2019-06-28 14:56:19,640 - base_page.py - [line:102] - INFO - Found the element '体育' successfully, by xpath via value://*[@id='channel-all']/div/ul/li[7]/a
2019-06-28 14:56:21,109 - base_page.py - [line:140] - INFO - Mouse on the element and click
2019-06-28 14:56:23,110 - base_page.py - [line:153] - INFO - You have been sleep for 2 seconds
2019-06-28 14:56:23,146 - base_page.py - [line:102] - INFO - Found the element '体育视频' successfully, by xpath via value://*/div[@class='mod']/div[@class='hd']/h3/a
2019-06-28 14:56:23,406 - base_page.py - [line:140] - INFO - Mouse on the element and click
2019-06-28 14:56:25,406 - base_page.py - [line:153] - INFO - You have been sleep for 2 seconds
2019-06-28 14:56:26,067 - base_page.py - [line:53] - INFO - Took a screenshot and saved.
