2019-06-28 14:36:38,160 - browser_engine.py - [line:30] - INFO - You have selected Chrome browser 
2019-06-28 14:36:38,161 - browser_engine.py - [line:32] - INFO - You have input URL https://www.baidu.com 
2019-06-28 14:36:42,669 - browser_engine.py - [line:42] - INFO - Launching Chrome now.
2019-06-28 14:36:44,119 - browser_engine.py - [line:45] - INFO - Opening https://www.baidu.com
2019-06-28 14:36:44,120 - browser_engine.py - [line:47] - INFO - Set implicitly wait 3 seconds.
2019-06-28 14:36:44,172 - base_page.py - [line:80] - INFO - Select element '' successfully, by id via value:kw 
2019-06-28 14:36:44,520 - base_page.py - [line:118] - INFO - Had type selenium into textbox
2019-06-28 14:36:44,607 - base_page.py - [line:102] - INFO - Found the element '' successfully, by xpath via value://*[@id='su']
2019-06-28 14:36:44,749 - base_page.py - [line:140] - INFO - Mouse on the element and click
2019-06-28 14:36:47,081 - base_page.py - [line:53] - INFO - Took a screenshot and saved.
2019-06-28 14:36:47,090 - base_page.py - [line:147] - INFO - Current page's title is:selenium_百度搜索
2019-06-28 14:36:47,127 - base_page.py - [line:80] - INFO - Select element '' successfully, by id via value:kw 
2019-06-28 14:36:47,357 - base_page.py - [line:118] - INFO - Had type Python into textbox
2019-06-28 14:36:47,390 - base_page.py - [line:102] - INFO - Found the element '' successfully, by xpath via value://*[@id='su']
2019-06-28 14:36:47,460 - base_page.py - [line:140] - INFO - Mouse on the element and click
2019-06-28 14:36:50,736 - base_page.py - [line:53] - INFO - Took a screenshot and saved.
2019-06-28 14:36:53,075 - browser_engine.py - [line:30] - INFO - You have selected Chrome browser 
2019-06-28 14:36:53,076 - browser_engine.py - [line:32] - INFO - You have input URL https://www.baidu.com 
2019-06-28 14:36:58,261 - browser_engine.py - [line:42] - INFO - Launching Chrome now.
2019-06-28 14:36:59,676 - browser_engine.py - [line:45] - INFO - Opening https://www.baidu.com
2019-06-28 14:36:59,679 - browser_engine.py - [line:47] - INFO - Set implicitly wait 3 seconds.
2019-06-28 14:36:59,689 - base_page.py - [line:147] - INFO - Current page's title is:百度一下，你就知道
2019-06-28 14:36:59,998 - base_page.py - [line:53] - INFO - Took a screenshot and saved.
2019-06-28 14:37:02,355 - browser_engine.py - [line:30] - INFO - You have selected Chrome browser 
2019-06-28 14:37:02,356 - browser_engine.py - [line:32] - INFO - You have input URL https://www.baidu.com 
2019-06-28 14:37:06,778 - browser_engine.py - [line:42] - INFO - Launching Chrome now.
2019-06-28 14:37:08,721 - browser_engine.py - [line:45] - INFO - Opening https://www.baidu.com
2019-06-28 14:37:08,726 - browser_engine.py - [line:47] - INFO - Set implicitly wait 3 seconds.
2019-06-28 14:37:08,813 - base_page.py - [line:102] - INFO - Found the element '新闻' successfully, by xpath via value://*[@id='u1']/a[1]
2019-06-28 14:37:12,934 - base_page.py - [line:140] - INFO - Mouse on the element and click
2019-06-28 14:37:14,936 - base_page.py - [line:153] - INFO - You have been sleep for 2 seconds
2019-06-28 14:37:14,999 - base_page.py - [line:102] - INFO - Found the element '体育' successfully, by xpath via value://*[@id='channel-all']/div/ul/li[7]/a
2019-06-28 14:37:16,315 - base_page.py - [line:140] - INFO - Mouse on the element and click
2019-06-28 14:37:18,315 - base_page.py - [line:153] - INFO - You have been sleep for 2 seconds
2019-06-28 14:37:18,357 - base_page.py - [line:102] - INFO - Found the element '体育视频' successfully, by xpath via value://*/div[@class='mod']/div[@class='hd']/h3/a
2019-06-28 14:37:18,604 - base_page.py - [line:140] - INFO - Mouse on the element and click
2019-06-28 14:37:20,605 - base_page.py - [line:153] - INFO - You have been sleep for 2 seconds
2019-06-28 14:37:21,222 - base_page.py - [line:53] - INFO - Took a screenshot and saved.
