2019-06-28 14:15:11,953 - browser_engine.py - [line:30] - INFO - You have selected Chrome browser 
2019-06-28 14:15:11,954 - browser_engine.py - [line:32] - INFO - You have input URL https://www.baidu.com 
2019-06-28 14:15:15,474 - browser_engine.py - [line:42] - INFO - Launching Chrome now.
2019-06-28 14:15:17,387 - browser_engine.py - [line:45] - INFO - Opening https://www.baidu.com
2019-06-28 14:15:17,390 - browser_engine.py - [line:47] - INFO - Set implicitly wait 3 seconds.
2019-06-28 14:15:17,435 - base_page.py - [line:80] - INFO - Select element '' successfully, by id via value:kw 
2019-06-28 14:15:17,691 - base_page.py - [line:118] - INFO - Had type selenium into textbox
2019-06-28 14:15:17,746 - base_page.py - [line:102] - INFO - Found the element '' successfully, by xpath via value://*[@id='su']
2019-06-28 14:15:17,846 - base_page.py - [line:140] - INFO - Mouse on the element and click
2019-06-28 14:15:20,149 - base_page.py - [line:53] - INFO - Took a screenshot and saved.
2019-06-28 14:15:20,155 - base_page.py - [line:147] - INFO - Current page's title is:selenium_百度搜索
2019-06-28 14:15:20,203 - base_page.py - [line:80] - INFO - Select element '' successfully, by id via value:kw 
2019-06-28 14:15:20,429 - base_page.py - [line:118] - INFO - Had type Python into textbox
2019-06-28 14:15:20,455 - base_page.py - [line:102] - INFO - Found the element '' successfully, by xpath via value://*[@id='su']
2019-06-28 14:15:20,532 - base_page.py - [line:140] - INFO - Mouse on the element and click
2019-06-28 14:15:23,824 - base_page.py - [line:53] - INFO - Took a screenshot and saved.
2019-06-28 14:15:26,165 - browser_engine.py - [line:30] - INFO - You have selected Chrome browser 
2019-06-28 14:15:26,166 - browser_engine.py - [line:32] - INFO - You have input URL https://www.baidu.com 
2019-06-28 14:15:30,643 - browser_engine.py - [line:42] - INFO - Launching Chrome now.
2019-06-28 14:15:32,295 - browser_engine.py - [line:45] - INFO - Opening https://www.baidu.com
2019-06-28 14:15:32,297 - browser_engine.py - [line:47] - INFO - Set implicitly wait 3 seconds.
2019-06-28 14:15:32,307 - base_page.py - [line:147] - INFO - Current page's title is:百度一下，你就知道
2019-06-28 14:15:32,598 - base_page.py - [line:53] - INFO - Took a screenshot and saved.
2019-06-28 14:15:34,936 - browser_engine.py - [line:30] - INFO - You have selected Chrome browser 
2019-06-28 14:15:34,936 - browser_engine.py - [line:32] - INFO - You have input URL https://www.baidu.com 
2019-06-28 14:15:38,612 - browser_engine.py - [line:42] - INFO - Launching Chrome now.
2019-06-28 14:15:39,796 - browser_engine.py - [line:45] - INFO - Opening https://www.baidu.com
2019-06-28 14:15:39,798 - browser_engine.py - [line:47] - INFO - Set implicitly wait 3 seconds.
2019-06-28 14:15:39,854 - base_page.py - [line:102] - INFO - Found the element '新闻' successfully, by xpath via value://*[@id='u1']/a[1]
2019-06-28 14:15:42,969 - base_page.py - [line:140] - INFO - Mouse on the element and click
2019-06-28 14:15:44,971 - base_page.py - [line:153] - INFO - You have been sleep for 2 seconds
2019-06-28 14:15:45,014 - base_page.py - [line:102] - INFO - Found the element '体育' successfully, by xpath via value://*[@id='channel-all']/div/ul/li[7]/a
2019-06-28 14:15:46,162 - base_page.py - [line:140] - INFO - Mouse on the element and click
2019-06-28 14:15:48,164 - base_page.py - [line:153] - INFO - You have been sleep for 2 seconds
2019-06-28 14:15:48,201 - base_page.py - [line:102] - INFO - Found the element '体育视频' successfully, by xpath via value://*/div[@class='mod']/div[@class='hd']/h3/a
2019-06-28 14:15:48,450 - base_page.py - [line:140] - INFO - Mouse on the element and click
2019-06-28 14:15:50,451 - base_page.py - [line:153] - INFO - You have been sleep for 2 seconds
2019-06-28 14:15:51,056 - base_page.py - [line:53] - INFO - Took a screenshot and saved.
